#
# A fatal error has been detected by the Java Runtime Environment:
#
#  EXCEPTION_ACCESS_VIOLATION (0xc0000005) at pc=0x000000007663f287, pid=3004, tid=0x0000000000000c70
#
# JRE version: OpenJDK Runtime Environment (8.0_152-b01) (build 1.8.0_152-release-915-b01)
# Java VM: OpenJDK 64-Bit Server VM (25.152-b01 mixed mode windows-amd64 compressed oops)
# Problematic frame:
# V  [jvm.dll+0x41f287]
#
# Failed to write core dump. Minidumps are not enabled by default on client versions of Windows
#
# If you would like to submit a bug report, please visit:
#   http://bugreport.java.com/bugreport/crash.jsp
#

---------------  T H R E A D  ---------------

Current thread (0x0000000015d09000):  JavaThread "C2 CompilerThread0" daemon [_thread_in_native, id=3184, stack(0x0000000017410000,0x0000000017510000)]

siginfo: ExceptionCode=0xc0000005, reading address 0x000001001a105fe8

Registers:
RAX=0x000001001a105fe8, RBX=0x000000001a105f60, RCX=0x000000000000000a, RDX=0x000000001bc2a6d0
RSP=0x000000001750c710, RBP=0x000000001a105f60, RSI=0x000000001a105f60, RDI=0x000000001750ee58
R8 =0x0000000000000069, R9 =0x0000000000084080, R10=0x000000001a105d50, R11=0x0000000000000002
R12=0x000000001a125a10, R13=0x0000000076844578, R14=0x000000001750c870, R15=0x0000000000000270
RIP=0x000000007663f287, EFLAGS=0x0000000000010246

Top of Stack: (sp=0x000000001750c710)
0x000000001750c710:   000000001a125a10 000000001a105b70
0x000000001750c720:   000000001a105c88 000000001750ee58
0x000000001750c730:   000000001bc233d0 000000001bc2a6d0
0x000000001750c740:   000000001bc23240 0000000015cd5d10
0x000000001750c750:   0000000076856d48 0000000015cd5d10
0x000000001750c760:   0000000000000100 000000001bc2a6d0
0x000000001750c770:   000000001750ca30 00000000000f2360
0x000000001750c780:   0000000015cd5d10 000000001750c870
0x000000001750c790:   000000001bb85bd0 00000000766410b6
0x000000001750c7a0:   000000001a448920 000000001a44d9d0
0x000000001750c7b0:   000000001a450908 000000001bb85bd0
0x000000001750c7c0:   00000000767c8318 000000001750ecc0
0x000000001750c7d0:   0000000000028310 000000001d765f88
0x000000001750c7e0:   0000000000000000 000000007665f0a8
0x000000001750c7f0:   000000001750ecc0 000000001750c8f0
0x000000001750c800:   0000000000000001 0000000000000000 

Instructions: (pc=0x000000007663f287)
0x000000007663f267:   41 8b c9 44 0b c8 23 c8 46 89 0c 82 0f 85 6e 03
0x000000007663f277:   00 00 0f 1f 80 00 00 00 00 48 8b 43 08 48 8b f3
0x000000007663f287:   48 8b 18 48 8b cb 48 8b 03 ff 50 20 48 85 c0 75
0x000000007663f297:   23 0f b7 4b 2c 0f b6 c1 24 3f 3c 20 75 09 48 8b 


Register to memory mapping:

RAX=0x000001001a105fe8 is an unknown value
RBX=0x000000001a105f60 is an unknown value
RCX=0x000000000000000a is an unknown value
RDX=0x000000001bc2a6d0 is an unknown value
RSP=0x000000001750c710 is pointing into the stack for thread: 0x0000000015d09000
RBP=0x000000001a105f60 is an unknown value
RSI=0x000000001a105f60 is an unknown value
RDI=0x000000001750ee58 is pointing into the stack for thread: 0x0000000015d09000
R8 =0x0000000000000069 is an unknown value
R9 =0x0000000000084080 is an unknown value
R10=0x000000001a105d50 is an unknown value
R11=0x0000000000000002 is an unknown value
R12=0x000000001a125a10 is an unknown value
R13=0x0000000076844578 is an unknown value
R14=0x000000001750c870 is pointing into the stack for thread: 0x0000000015d09000
R15=0x0000000000000270 is an unknown value


Stack: [0x0000000017410000,0x0000000017510000],  sp=0x000000001750c710,  free space=1009k
Native frames: (J=compiled Java code, j=interpreted, Vv=VM code, C=native code)
V  [jvm.dll+0x41f287]
V  [jvm.dll+0x4210b6]
V  [jvm.dll+0x43f0a8]
V  [jvm.dll+0x441a6e]
V  [jvm.dll+0x424b32]
V  [jvm.dll+0x80fa9]
V  [jvm.dll+0x818df]
V  [jvm.dll+0x21d06f]
V  [jvm.dll+0x26d4aa]
C  [msvcr100.dll+0x21d9f]
C  [msvcr100.dll+0x21e3b]
C  [KERNEL32.DLL+0x1842]
C  [ntdll.dll+0x3df11]


Current CompileTask:
C2:2222322 19392       4       com.android.dx.ssa.back.FirstFitLocalCombiningAllocator::tryMapReg (41 bytes)


---------------  P R O C E S S  ---------------

Java Threads: ( => current thread )
  0x000000001c1f6000 JavaThread "ForkJoinPool.commonPool-worker-0" daemon [_thread_in_native, id=9308, stack(0x00000000259b0000,0x0000000025ab0000)]
  0x000000001c6d6800 JavaThread "ForkJoinPool.commonPool-worker-3" daemon [_thread_in_Java, id=1436, stack(0x00000000258b0000,0x00000000259b0000)]
  0x000000001c6d8000 JavaThread "ForkJoinPool.commonPool-worker-2" daemon [_thread_in_native, id=5604, stack(0x00000000257b0000,0x00000000258b0000)]
  0x000000001c6d7800 JavaThread "ForkJoinPool.commonPool-worker-1" daemon [_thread_in_native, id=7020, stack(0x00000000256b0000,0x00000000257b0000)]
  0x000000001bc50800 JavaThread "Cache worker for Java compile cache (D:\Paras\stpaulsmarthom 3\stpaulsmarthom\.gradle\4.1\javaCompile)" [_thread_blocked, id=9532, stack(0x00000000255b0000,0x00000000256b0000)]
  0x000000001c608800 JavaThread "Task worker for ':' Thread 3" [_thread_blocked, id=1732, stack(0x0000000024bb0000,0x0000000024cb0000)]
  0x000000001c607800 JavaThread "Task worker for ':' Thread 2" [_thread_blocked, id=6208, stack(0x00000000244b0000,0x00000000245b0000)]
  0x000000001c607000 JavaThread "Task worker for ':'" [_thread_blocked, id=9096, stack(0x00000000243b0000,0x00000000244b0000)]
  0x000000001c60c000 JavaThread "Cache worker for task history cache (D:\Paras\stpaulsmarthom 3\stpaulsmarthom\.gradle\4.1\taskHistory)" [_thread_blocked, id=3988, stack(0x0000000023fb0000,0x00000000240b0000)]
  0x000000001c60b800 JavaThread "Cache worker for file content cache (D:\Paras\stpaulsmarthom 3\stpaulsmarthom\.gradle\4.1\fileContent)" [_thread_blocked, id=5752, stack(0x0000000023a70000,0x0000000023b70000)]
  0x000000001c60a800 JavaThread "build operations Thread 4" [_thread_blocked, id=4460, stack(0x0000000020ce0000,0x0000000020de0000)]
  0x000000001c609000 JavaThread "build operations Thread 3" [_thread_blocked, id=7188, stack(0x000000001fbe0000,0x000000001fce0000)]
  0x000000001c60a000 JavaThread "build operations Thread 2" [_thread_blocked, id=4068, stack(0x000000001fae0000,0x000000001fbe0000)]
  0x000000001d902000 JavaThread "build operations" [_thread_blocked, id=6400, stack(0x000000001f5d0000,0x000000001f6d0000)]
  0x000000001d901000 JavaThread "Cache worker for Artifact transforms cache (C:\Users\Paras-Android\.gradle\caches\transforms-1)" [_thread_blocked, id=7888, stack(0x000000001f2d0000,0x000000001f3d0000)]
  0x000000001d900800 JavaThread "Cache worker for file hash cache (D:\Paras\stpaulsmarthom 3\stpaulsmarthom\.gradle\4.1\fileHashes)" [_thread_blocked, id=9224, stack(0x000000001df10000,0x000000001e010000)]
  0x000000001d8ff800 JavaThread "Stdin handler" [_thread_blocked, id=8148, stack(0x000000001b9e0000,0x000000001bae0000)]
  0x000000001d8fd800 JavaThread "Asynchronous log dispatcher for DefaultDaemonConnection: socket connection from /127.0.0.1:50237 to /127.0.0.1:50965" [_thread_blocked, id=5156, stack(0x000000001b4e0000,0x000000001b5e0000)]
  0x000000001d8ff000 JavaThread "Daemon worker Thread 3" [_thread_blocked, id=5700, stack(0x000000001b3e0000,0x000000001b4e0000)]
  0x000000001d904000 JavaThread "Cancel handler" [_thread_blocked, id=5408, stack(0x000000001b2e0000,0x000000001b3e0000)]
  0x000000001d902800 JavaThread "Handler for socket connection from /127.0.0.1:50237 to /127.0.0.1:50965" [_thread_in_native, id=8260, stack(0x000000001b1e0000,0x000000001b2e0000)]
  0x000000001d903800 JavaThread "Daemon Thread 3" [_thread_blocked, id=2412, stack(0x00000000194e0000,0x00000000195e0000)]
  0x000000001c606000 JavaThread "Memory manager" [_thread_blocked, id=9708, stack(0x00000000205e0000,0x00000000206e0000)]
  0x000000001c695800 JavaThread "pool-1-thread-1" [_thread_blocked, id=8376, stack(0x00000000202e0000,0x00000000203e0000)]
  0x00000000190cd000 JavaThread "File lock request listener" [_thread_in_native, id=6628, stack(0x000000001b6e0000,0x000000001b7e0000)]
  0x0000000019435800 JavaThread "Cache worker for file hash cache (C:\Users\Paras-Android\.gradle\caches\4.1\fileHashes)" [_thread_blocked, id=848, stack(0x000000001b5e0000,0x000000001b6e0000)]
  0x00000000192ec000 JavaThread "Daemon periodic checks" [_thread_blocked, id=4000, stack(0x000000001ace0000,0x000000001ade0000)]
  0x0000000018b7b800 JavaThread "Incoming local TCP Connector on port 50237" [_thread_in_native, id=8968, stack(0x000000001a7e0000,0x000000001a8e0000)]
  0x0000000017735000 JavaThread "Service Thread" daemon [_thread_blocked, id=96, stack(0x0000000017b10000,0x0000000017c10000)]
  0x0000000015d11800 JavaThread "C1 CompilerThread2" daemon [_thread_blocked, id=2800, stack(0x0000000017610000,0x0000000017710000)]
  0x0000000015d0b000 JavaThread "C2 CompilerThread1" daemon [_thread_in_native, id=6456, stack(0x0000000017510000,0x0000000017610000)]
=>0x0000000015d09000 JavaThread "C2 CompilerThread0" daemon [_thread_in_native, id=3184, stack(0x0000000017410000,0x0000000017510000)]
  0x0000000015d17800 JavaThread "Attach Listener" daemon [_thread_blocked, id=2848, stack(0x0000000017310000,0x0000000017410000)]
  0x0000000015d16800 JavaThread "Signal Dispatcher" daemon [_thread_blocked, id=8708, stack(0x0000000017210000,0x0000000017310000)]
  0x000000000239e000 JavaThread "Finalizer" daemon [_thread_blocked, id=6900, stack(0x0000000016f70000,0x0000000017070000)]
  0x0000000002393000 JavaThread "Reference Handler" daemon [_thread_blocked, id=3604, stack(0x0000000016e70000,0x0000000016f70000)]
  0x00000000022a2800 JavaThread "main" [_thread_blocked, id=4420, stack(0x0000000001e40000,0x0000000001f40000)]

Other Threads:
  0x0000000015cd5000 VMThread [stack: 0x0000000016d70000,0x0000000016e70000] [id=4028]
  0x0000000015d6e800 WatcherThread [stack: 0x0000000017c10000,0x0000000017d10000] [id=6936]

VM state:not at safepoint (normal execution)

VM Mutex/Monitor currently owned by a thread: None

Heap:
 PSYoungGen      total 398336K, used 229209K [0x00000000e0000000, 0x00000000fe300000, 0x0000000100000000)
  eden space 329216K, 53% used [0x00000000e0000000,0x00000000eab08400,0x00000000f4180000)
  from space 69120K, 78% used [0x00000000f8a80000,0x00000000fbf4e0a8,0x00000000fce00000)
  to   space 74752K, 0% used [0x00000000f4180000,0x00000000f4180000,0x00000000f8a80000)
 ParOldGen       total 161792K, used 95976K [0x00000000a0000000, 0x00000000a9e00000, 0x00000000e0000000)
  object space 161792K, 59% used [0x00000000a0000000,0x00000000a5dba318,0x00000000a9e00000)
 Metaspace       used 83116K, capacity 87332K, committed 87700K, reserved 1126400K
  class space    used 10545K, capacity 11549K, committed 11668K, reserved 1048576K

Card table byte_map: [0x0000000011760000,0x0000000011a70000] byte_map_base: 0x0000000011260000

Marking Bits: (ParMarkBitMap*) 0x00000000769e3950
 Begin Bits: [0x0000000012070000, 0x0000000013870000)
 End Bits:   [0x0000000013870000, 0x0000000015070000)

Polling page: 0x0000000001d50000

CodeCache: size=245760Kb used=57889Kb max_used=57889Kb free=187870Kb
 bounds [0x00000000023a0000, 0x0000000005c80000, 0x00000000113a0000]
 total_blobs=16562 nmethods=15688 adapters=786
 compilation: enabled

Compilation events (10 events):
Event: 2221.952 Thread 0x0000000015d11800 19402       2       com.android.dx.dex.code.RopTranslator$TranslationVisitor::addOutputSuffix (9 bytes)
Event: 2221.953 Thread 0x0000000015d11800 nmethod 19402 0x0000000005c19010 code [0x0000000005c19180, 0x0000000005c19408]
Event: 2221.953 Thread 0x0000000015d11800 19403       2       com.android.dx.dex.code.OutputCollector::addSuffix (10 bytes)
Event: 2221.953 Thread 0x0000000015d11800 nmethod 19403 0x0000000005c18a10 code [0x0000000005c18b80, 0x0000000005c18e08]
Event: 2221.991 Thread 0x0000000015d11800 19414 % !   3       com.android.dx.dex.file.MixedItemSection::placeItems @ 72 (185 bytes)
Event: 2221.993 Thread 0x0000000015d11800 nmethod 19414% 0x0000000005c670d0 code [0x0000000005c67480, 0x0000000005c69648]
Event: 2221.995 Thread 0x0000000015d11800 19415 %     3       com.android.dx.dex.file.MixedItemSection::writeTo0 @ 27 (155 bytes)
Event: 2221.997 Thread 0x0000000015d11800 nmethod 19415% 0x0000000005c6dbd0 code [0x0000000005c6de20, 0x0000000005c6ee48]
Event: 2222.007 Thread 0x0000000015d11800 19417       2       com.android.dx.ssa.SsaRenamer$BlockRenamer::process (191 bytes)
Event: 2222.009 Thread 0x0000000015d11800 nmethod 19417 0x0000000005c6f590 code [0x0000000005c6f800, 0x0000000005c701c8]

GC Heap History (10 events):
Event: 2193.129 GC heap before
{Heap before GC invocations=23 (full 3):
 PSYoungGen      total 222720K, used 222689K [0x00000000e0000000, 0x00000000f2e80000, 0x0000000100000000)
  eden space 194048K, 100% used [0x00000000e0000000,0x00000000ebd80000,0x00000000ebd80000)
  from space 28672K, 99% used [0x00000000ebd80000,0x00000000ed978468,0x00000000ed980000)
  to   space 34304K, 0% used [0x00000000f0d00000,0x00000000f0d00000,0x00000000f2e80000)
 ParOldGen       total 161792K, used 52802K [0x00000000a0000000, 0x00000000a9e00000, 0x00000000e0000000)
  object space 161792K, 32% used [0x00000000a0000000,0x00000000a3390bc0,0x00000000a9e00000)
 Metaspace       used 76925K, capacity 80784K, committed 80916K, reserved 1120256K
  class space    used 9960K, capacity 10903K, committed 11028K, reserved 1048576K
Event: 2193.176 GC heap after
Heap after GC invocations=23 (full 3):
 PSYoungGen      total 270336K, used 32464K [0x00000000e0000000, 0x00000000f3280000, 0x0000000100000000)
  eden space 236032K, 0% used [0x00000000e0000000,0x00000000e0000000,0x00000000ee680000)
  from space 34304K, 94% used [0x00000000f0d00000,0x00000000f2cb4330,0x00000000f2e80000)
  to   space 38912K, 0% used [0x00000000ee680000,0x00000000ee680000,0x00000000f0c80000)
 ParOldGen       total 161792K, used 52818K [0x00000000a0000000, 0x00000000a9e00000, 0x00000000e0000000)
  object space 161792K, 32% used [0x00000000a0000000,0x00000000a3394bc0,0x00000000a9e00000)
 Metaspace       used 76925K, capacity 80784K, committed 80916K, reserved 1120256K
  class space    used 9960K, capacity 10903K, committed 11028K, reserved 1048576K
}
Event: 2208.760 GC heap before
{Heap before GC invocations=24 (full 3):
 PSYoungGen      total 270336K, used 268496K [0x00000000e0000000, 0x00000000f3280000, 0x0000000100000000)
  eden space 236032K, 100% used [0x00000000e0000000,0x00000000ee680000,0x00000000ee680000)
  from space 34304K, 94% used [0x00000000f0d00000,0x00000000f2cb4330,0x00000000f2e80000)
  to   space 38912K, 0% used [0x00000000ee680000,0x00000000ee680000,0x00000000f0c80000)
 ParOldGen       total 161792K, used 52818K [0x00000000a0000000, 0x00000000a9e00000, 0x00000000e0000000)
  object space 161792K, 32% used [0x00000000a0000000,0x00000000a3394bc0,0x00000000a9e00000)
 Metaspace       used 81230K, capacity 85320K, committed 85524K, reserved 1124352K
  class space    used 10462K, capacity 11439K, committed 11540K, reserved 1048576K
Event: 2208.828 GC heap after
Heap after GC invocations=24 (full 3):
 PSYoungGen      total 274944K, used 38903K [0x00000000e0000000, 0x00000000f6f80000, 0x0000000100000000)
  eden space 236032K, 0% used [0x00000000e0000000,0x00000000e0000000,0x00000000ee680000)
  from space 38912K, 99% used [0x00000000ee680000,0x00000000f0c7dfb0,0x00000000f0c80000)
  to   space 47104K, 0% used [0x00000000f4180000,0x00000000f4180000,0x00000000f6f80000)
 ParOldGen       total 161792K, used 59040K [0x00000000a0000000, 0x00000000a9e00000, 0x00000000e0000000)
  object space 161792K, 36% used [0x00000000a0000000,0x00000000a39a81b0,0x00000000a9e00000)
 Metaspace       used 81230K, capacity 85320K, committed 85524K, reserved 1124352K
  class space    used 10462K, capacity 11439K, committed 11540K, reserved 1048576K
}
Event: 2213.974 GC heap before
{Heap before GC invocations=25 (full 3):
 PSYoungGen      total 274944K, used 274106K [0x00000000e0000000, 0x00000000f6f80000, 0x0000000100000000)
  eden space 236032K, 99% used [0x00000000e0000000,0x00000000ee5b09a0,0x00000000ee680000)
  from space 38912K, 99% used [0x00000000ee680000,0x00000000f0c7dfb0,0x00000000f0c80000)
  to   space 47104K, 0% used [0x00000000f4180000,0x00000000f4180000,0x00000000f6f80000)
 ParOldGen       total 161792K, used 59040K [0x00000000a0000000, 0x00000000a9e00000, 0x00000000e0000000)
  object space 161792K, 36% used [0x00000000a0000000,0x00000000a39a81b0,0x00000000a9e00000)
 Metaspace       used 81933K, capacity 86076K, committed 86292K, reserved 1124352K
  class space    used 10508K, capacity 11501K, committed 11540K, reserved 1048576K
Event: 2214.050 GC heap after
Heap after GC invocations=25 (full 3):
 PSYoungGen      total 322560K, used 44882K [0x00000000e0000000, 0x00000000f7c80000, 0x0000000100000000)
  eden space 275456K, 0% used [0x00000000e0000000,0x00000000e0000000,0x00000000f0d00000)
  from space 47104K, 95% used [0x00000000f4180000,0x00000000f6d54b60,0x00000000f6f80000)
  to   space 53760K, 0% used [0x00000000f0d00000,0x00000000f0d00000,0x00000000f4180000)
 ParOldGen       total 161792K, used 63834K [0x00000000a0000000, 0x00000000a9e00000, 0x00000000e0000000)
  object space 161792K, 39% used [0x00000000a0000000,0x00000000a3e56980,0x00000000a9e00000)
 Metaspace       used 81933K, capacity 86076K, committed 86292K, reserved 1124352K
  class space    used 10508K, capacity 11501K, committed 11540K, reserved 1048576K
}
Event: 2218.763 GC heap before
{Heap before GC invocations=26 (full 3):
 PSYoungGen      total 322560K, used 320338K [0x00000000e0000000, 0x00000000f7c80000, 0x0000000100000000)
  eden space 275456K, 100% used [0x00000000e0000000,0x00000000f0d00000,0x00000000f0d00000)
  from space 47104K, 95% used [0x00000000f4180000,0x00000000f6d54b60,0x00000000f6f80000)
  to   space 53760K, 0% used [0x00000000f0d00000,0x00000000f0d00000,0x00000000f4180000)
 ParOldGen       total 161792K, used 63834K [0x00000000a0000000, 0x00000000a9e00000, 0x00000000e0000000)
  object space 161792K, 39% used [0x00000000a0000000,0x00000000a3e56980,0x00000000a9e00000)
 Metaspace       used 82794K, capacity 87012K, committed 87188K, reserved 1124352K
  class space    used 10543K, capacity 11549K, committed 11668K, reserved 1048576K
Event: 2218.899 GC heap after
Heap after GC invocations=26 (full 3):
 PSYoungGen      total 329216K, used 53744K [0x00000000e0000000, 0x00000000fce00000, 0x0000000100000000)
  eden space 275456K, 0% used [0x00000000e0000000,0x00000000e0000000,0x00000000f0d00000)
  from space 53760K, 99% used [0x00000000f0d00000,0x00000000f417c008,0x00000000f4180000)
  to   space 69120K, 0% used [0x00000000f8a80000,0x00000000f8a80000,0x00000000fce00000)
 ParOldGen       total 161792K, used 81292K [0x00000000a0000000, 0x00000000a9e00000, 0x00000000e0000000)
  object space 161792K, 50% used [0x00000000a0000000,0x00000000a4f63230,0x00000000a9e00000)
 Metaspace       used 82794K, capacity 87012K, committed 87188K, reserved 1124352K
  class space    used 10543K, capacity 11549K, committed 11668K, reserved 1048576K
}
Event: 2220.802 GC heap before
{Heap before GC invocations=27 (full 3):
 PSYoungGen      total 329216K, used 329200K [0x00000000e0000000, 0x00000000fce00000, 0x0000000100000000)
  eden space 275456K, 100% used [0x00000000e0000000,0x00000000f0d00000,0x00000000f0d00000)
  from space 53760K, 99% used [0x00000000f0d00000,0x00000000f417c008,0x00000000f4180000)
  to   space 69120K, 0% used [0x00000000f8a80000,0x00000000f8a80000,0x00000000fce00000)
 ParOldGen       total 161792K, used 81292K [0x00000000a0000000, 0x00000000a9e00000, 0x00000000e0000000)
  object space 161792K, 50% used [0x00000000a0000000,0x00000000a4f63230,0x00000000a9e00000)
 Metaspace       used 83003K, capacity 87204K, committed 87444K, reserved 1124352K
  class space    used 10544K, capacity 11549K, committed 11668K, reserved 1048576K
Event: 2220.899 GC heap after
Heap after GC invocations=27 (full 3):
 PSYoungGen      total 398336K, used 54072K [0x00000000e0000000, 0x00000000fe300000, 0x0000000100000000)
  eden space 329216K, 0% used [0x00000000e0000000,0x00000000e0000000,0x00000000f4180000)
  from space 69120K, 78% used [0x00000000f8a80000,0x00000000fbf4e0a8,0x00000000fce00000)
  to   space 74752K, 0% used [0x00000000f4180000,0x00000000f4180000,0x00000000f8a80000)
 ParOldGen       total 161792K, used 95976K [0x00000000a0000000, 0x00000000a9e00000, 0x00000000e0000000)
  object space 161792K, 59% used [0x00000000a0000000,0x00000000a5dba318,0x00000000a9e00000)
 Metaspace       used 83003K, capacity 87204K, committed 87444K, reserved 1124352K
  class space    used 10544K, capacity 11549K, committed 11668K, reserved 1048576K
}

Deoptimization events (10 events):
Event: 2221.235 Thread 0x000000001c1f6000 Uncommon trap: reason=unstable_if action=reinterpret pc=0x0000000005b38ef4 method=com.android.dx.ssa.SCCP.simulateStmt(Lcom/android/dx/ssa/SsaInsn;)V @ 53
Event: 2221.235 Thread 0x000000001c1f6000 Uncommon trap: reason=unstable_if action=reinterpret pc=0x000000000599cf4c method=com.android.dx.ssa.LiteralOpUpgrader$1.visitNonMoveInsn(Lcom/android/dx/ssa/NormalSsaInsn;)V @ 151
Event: 2221.236 Thread 0x000000001c1f6000 Uncommon trap: reason=unstable_if action=reinterpret pc=0x0000000005a4fc18 method=com.android.dx.util.BitIntSet.has(I)Z @ 8
Event: 2221.237 Thread 0x000000001c1f6000 Uncommon trap: reason=unstable_if action=reinterpret pc=0x00000000050cc31c method=com.android.dx.rop.code.Insn.equalsHandleNulls(Ljava/lang/Object;Ljava/lang/Object;)Z @ 14
Event: 2221.237 Thread 0x000000001c1f6000 Uncommon trap: reason=unstable_if action=reinterpret pc=0x0000000005946218 method=com.android.dx.rop.code.Insn.equalsHandleNulls(Ljava/lang/Object;Ljava/lang/Object;)Z @ 14
Event: 2221.241 Thread 0x000000001c1f6000 Uncommon trap: reason=bimorphic action=maybe_recompile pc=0x00000000058e4364 method=com.android.dx.ssa.SCCP.simulatePhi(Lcom/android/dx/ssa/PhiInsn;)V @ 124
Event: 2221.255 Thread 0x000000001c1f6000 Uncommon trap: reason=unstable_if action=reinterpret pc=0x0000000005b67ff0 method=com.android.dx.rop.code.RegisterSpecSet.put(Lcom/android/dx/rop/code/RegisterSpec;)V @ 77
Event: 2221.266 Thread 0x000000001c1f6000 Uncommon trap: reason=unstable_if action=reinterpret pc=0x0000000005bb3f7c method=com.android.dx.util.MutabilityControl.isImmutable()Z @ 4
Event: 2221.860 Thread 0x000000001c6d6800 Uncommon trap: reason=unstable_if action=reinterpret pc=0x0000000005afc550 method=com.android.dx.ssa.SsaRenamer$BlockRenamer.visitMoveInsn(Lcom/android/dx/ssa/NormalSsaInsn;)V @ 104
Event: 2221.860 Thread 0x000000001c6d6800 Uncommon trap: reason=unstable_if action=reinterpret pc=0x0000000005974df8 method=com.android.dx.ssa.SsaRenamer$BlockRenamer.process()V @ 90

Classes redefined (0 events):
No events

Internal exceptions (10 events):
Event: 2221.485 Thread 0x000000001c6d7800 Exception <a 'sun/nio/fs/WindowsException'> (0x00000000e4db9cf0) thrown at [D:\src\AOSP-openjdk-cygwin\jdk8u\hotspot\src\share\vm\prims\jni.cpp, line 709]
Event: 2221.525 Thread 0x000000001c6d7800 Exception <a 'sun/nio/fs/WindowsException'> (0x00000000e5518668) thrown at [D:\src\AOSP-openjdk-cygwin\jdk8u\hotspot\src\share\vm\prims\jni.cpp, line 709]
Event: 2221.555 Thread 0x000000001c6d7800 Exception <a 'sun/nio/fs/WindowsException'> (0x00000000e56d8da0) thrown at [D:\src\AOSP-openjdk-cygwin\jdk8u\hotspot\src\share\vm\prims\jni.cpp, line 709]
Event: 2221.652 Thread 0x000000001c6d7800 Exception <a 'sun/nio/fs/WindowsException'> (0x00000000e7699808) thrown at [D:\src\AOSP-openjdk-cygwin\jdk8u\hotspot\src\share\vm\prims\jni.cpp, line 709]
Event: 2221.737 Thread 0x000000001c6d6800 Exception <a 'sun/nio/fs/WindowsException'> (0x00000000e7e61650) thrown at [D:\src\AOSP-openjdk-cygwin\jdk8u\hotspot\src\share\vm\prims\jni.cpp, line 709]
Event: 2221.774 Thread 0x000000001c6d7800 Exception <a 'sun/nio/fs/WindowsException'> (0x00000000e8bb7f40) thrown at [D:\src\AOSP-openjdk-cygwin\jdk8u\hotspot\src\share\vm\prims\jni.cpp, line 709]
Event: 2221.787 Thread 0x000000001c6d7800 Exception <a 'sun/nio/fs/WindowsException'> (0x00000000e8bcf278) thrown at [D:\src\AOSP-openjdk-cygwin\jdk8u\hotspot\src\share\vm\prims\jni.cpp, line 709]
Event: 2221.825 Thread 0x000000001c6d6800 Exception <a 'sun/nio/fs/WindowsException'> (0x00000000e8d168c0) thrown at [D:\src\AOSP-openjdk-cygwin\jdk8u\hotspot\src\share\vm\prims\jni.cpp, line 709]
Event: 2221.979 Thread 0x000000001c6d7800 Exception <a 'sun/nio/fs/WindowsException'> (0x00000000e8bf5ac8) thrown at [D:\src\AOSP-openjdk-cygwin\jdk8u\hotspot\src\share\vm\prims\jni.cpp, line 709]
Event: 2221.996 Thread 0x000000001c6d8000 Exception <a 'sun/nio/fs/WindowsException'> (0x00000000ea04b450) thrown at [D:\src\AOSP-openjdk-cygwin\jdk8u\hotspot\src\share\vm\prims\jni.cpp, line 709]

Events (10 events):
Event: 2221.860 Thread 0x000000001c6d6800 Uncommon trap: trap_request=0xffffff65 fr.pc=0x0000000005afc550
Event: 2221.860 Thread 0x000000001c6d6800 DEOPT PACKING pc=0x0000000005afc550 sp=0x00000000259aea20
Event: 2221.860 Thread 0x000000001c6d6800 DEOPT UNPACKING pc=0x00000000023e556a sp=0x00000000259ae938 mode 2
Event: 2221.860 Thread 0x000000001c6d6800 Uncommon trap: trap_request=0xffffff65 fr.pc=0x0000000005974df8
Event: 2221.860 Thread 0x000000001c6d6800 DEOPT PACKING pc=0x0000000005974df8 sp=0x00000000259aea90
Event: 2221.860 Thread 0x000000001c6d6800 DEOPT UNPACKING pc=0x00000000023e556a sp=0x00000000259aea50 mode 2
Event: 2221.987 Thread 0x000000001c1f6000 DEOPT PACKING pc=0x0000000002c4ef9b sp=0x0000000025aae7a0
Event: 2221.987 Thread 0x000000001c1f6000 DEOPT UNPACKING pc=0x00000000023e75bf sp=0x0000000025aae5b0 mode 0
Event: 2222.017 Thread 0x000000001c1f6000 DEOPT PACKING pc=0x00000000047dfb13 sp=0x0000000025aae7f0
Event: 2222.017 Thread 0x000000001c1f6000 DEOPT UNPACKING pc=0x00000000023e75bf sp=0x0000000025aae570 mode 0


Dynamic libraries:
0x000007f6c6320000 - 0x000007f6c6351000 	C:\Program Files\Android\Android Studio\jre\bin\java.exe
0x000007faf61f0000 - 0x000007faf63ad000 	C:\Windows\SYSTEM32\ntdll.dll
0x000007faf38e0000 - 0x000007faf3a17000 	C:\Windows\system32\KERNEL32.DLL
0x000007faf31d0000 - 0x000007faf32c4000 	C:\Windows\system32\KERNELBASE.dll
0x000007faf46f0000 - 0x000007faf47ce000 	C:\Windows\system32\ADVAPI32.dll
0x000007faf3c00000 - 0x000007faf3d4c000 	C:\Windows\system32\USER32.dll
0x000007faf11d0000 - 0x000007faf143a000 	C:\Windows\WinSxS\amd64_microsoft.windows.common-controls_6595b64144ccf1df_6.0.9200.17359_none_4188b989718cf1c6\COMCTL32.dll
0x000007faf3820000 - 0x000007faf38c5000 	C:\Windows\system32\msvcrt.dll
0x000007faf37d0000 - 0x000007faf3818000 	C:\Windows\SYSTEM32\sechost.dll
0x000007faf42f0000 - 0x000007faf4435000 	C:\Windows\system32\RPCRT4.dll
0x000007faf3a20000 - 0x000007faf3b61000 	C:\Windows\system32\GDI32.dll
0x000007faf3b70000 - 0x000007faf3ba9000 	C:\Windows\system32\IMM32.DLL
0x000007faf3df0000 - 0x000007faf3f06000 	C:\Windows\system32\MSCTF.dll
0x0000000076060000 - 0x0000000076132000 	C:\Program Files\Android\Android Studio\jre\jre\bin\msvcr100.dll
0x0000000076220000 - 0x0000000076a5e000 	C:\Program Files\Android\Android Studio\jre\jre\bin\server\jvm.dll
0x000007faf1d70000 - 0x000007faf1d79000 	C:\Windows\SYSTEM32\WSOCK32.dll
0x000007faf05a0000 - 0x000007faf05c0000 	C:\Windows\SYSTEM32\WINMM.dll
0x000007faed0e0000 - 0x000007faed0e9000 	C:\Windows\SYSTEM32\VERSION.dll
0x000007faf37c0000 - 0x000007faf37c7000 	C:\Windows\system32\PSAPI.DLL
0x000007faf40e0000 - 0x000007faf4138000 	C:\Windows\system32\WS2_32.dll
0x000007faf0160000 - 0x000007faf0193000 	C:\Windows\SYSTEM32\WINMMBASE.dll
0x000007faf42e0000 - 0x000007faf42e9000 	C:\Windows\system32\NSI.dll
0x000007faf35f0000 - 0x000007faf363f000 	C:\Windows\SYSTEM32\cfgmgr32.dll
0x000007faf3560000 - 0x000007faf3582000 	C:\Windows\system32\DEVOBJ.dll
0x000007faf1d60000 - 0x000007faf1d6f000 	C:\Program Files\Android\Android Studio\jre\jre\bin\verify.dll
0x000007faf1170000 - 0x000007faf1199000 	C:\Program Files\Android\Android Studio\jre\jre\bin\java.dll
0x000007faf10d0000 - 0x000007faf10e6000 	C:\Program Files\Android\Android Studio\jre\jre\bin\zip.dll
0x000007faf4ce0000 - 0x000007faf5fc5000 	C:\Windows\system32\SHELL32.dll
0x000007faf47d0000 - 0x000007faf4980000 	C:\Windows\SYSTEM32\combase.dll
0x000007faf3bb0000 - 0x000007faf3c00000 	C:\Windows\system32\SHLWAPI.dll
0x000007faf20f0000 - 0x000007faf2186000 	C:\Windows\SYSTEM32\SHCORE.dll
0x000007faf3100000 - 0x000007faf3115000 	C:\Windows\SYSTEM32\profapi.dll
0x000007faf10b0000 - 0x000007faf10ca000 	C:\Program Files\Android\Android Studio\jre\jre\bin\net.dll
0x000007faf2950000 - 0x000007faf29ac000 	C:\Windows\system32\mswsock.dll
0x000007faf1090000 - 0x000007faf10a1000 	C:\Program Files\Android\Android Studio\jre\jre\bin\nio.dll
0x000007faef920000 - 0x000007faef93e000 	C:\Users\Paras-Android\.gradle\native\25\windows-amd64\native-platform.dll
0x000007faf1160000 - 0x000007faf116d000 	C:\Program Files\Android\Android Studio\jre\jre\bin\management.dll
0x000007faf29b0000 - 0x000007faf29ca000 	C:\Windows\SYSTEM32\CRYPTSP.dll
0x000007faf2630000 - 0x000007faf267b000 	C:\Windows\system32\rsaenh.dll
0x000007faf2730000 - 0x000007faf274f000 	C:\Windows\SYSTEM32\USERENV.dll
0x000007faf2f40000 - 0x000007faf2f4a000 	C:\Windows\SYSTEM32\CRYPTBASE.dll
0x000007faf2ee0000 - 0x000007faf2f3d000 	C:\Windows\SYSTEM32\bcryptPrimitives.dll
0x000007faeea70000 - 0x000007faeea9a000 	C:\Windows\SYSTEM32\IPHLPAPI.DLL
0x000007faeea10000 - 0x000007faeea1a000 	C:\Windows\SYSTEM32\WINNSI.DLL
0x000007faee8c0000 - 0x000007faee8d3000 	C:\Windows\SYSTEM32\dhcpcsvc6.DLL
0x000007faee840000 - 0x000007faee858000 	C:\Windows\SYSTEM32\dhcpcsvc.DLL
0x000007faf1d30000 - 0x000007faf1d54000 	C:\Program Files\Android\Android Studio\jre\jre\bin\sunec.dll
0x000007faf2790000 - 0x000007faf282c000 	C:\Windows\SYSTEM32\DNSAPI.dll
0x000007faec0c0000 - 0x000007faec0c8000 	C:\Windows\System32\rasadhlp.dll
0x000007faee8f0000 - 0x000007faee951000 	C:\Windows\System32\fwpuclnt.dll
0x000007faf1c30000 - 0x000007faf1c3b000 	C:\Program Files\Android\Android Studio\jre\jre\bin\sunmscapi.dll
0x000007faf32d0000 - 0x000007faf34a1000 	C:\Windows\system32\CRYPT32.dll
0x000007faf31b0000 - 0x000007faf31c6000 	C:\Windows\system32\MSASN1.dll
0x000007fae23f0000 - 0x000007fae2553000 	C:\Windows\SYSTEM32\dbghelp.dll

VM Arguments:
jvm_args: -Xmx1536m -Dfile.encoding=windows-1252 -Duser.country=IN -Duser.language=en -Duser.variant 
java_command: org.gradle.launcher.daemon.bootstrap.GradleDaemon 4.1
java_class_path (initial): C:\Users\Paras-Android\.gradle\wrapper\dists\gradle-4.1-all\bzyivzo6n839fup2jbap0tjew\gradle-4.1\lib\gradle-launcher-4.1.jar
Launcher Type: SUN_STANDARD

Environment Variables:
JAVA_HOME=C:\Program Files\Java\jdk1.8.0_131
PATH=C:\ProgramData\Oracle\Java\javapath;C:\Windows\system32;C:\Windows;C:\Windows\System32\Wbem;C:\Windows\System32\WindowsPowerShell\v1.0\;C:\Program Files\nodejs\;C:\Program Files\Git\cmd;C:\Program Files (x86)\Skype\Phone\;C:\Program Files (x86)\Windows Kits\8.1\Windows Performance Toolkit\;C:\Program Files\PuTTY\;C:\Program Files (x86)\Microsoft VS Code\bin;C:\Users\Paras-Android\AppData\Roaming\npm;D:\AndroidSdk\platform-tools;C:\Program Files\Git\bin;C:\Users\Paras-Android\AppData\Local\GitHubDesktop\bin
USERNAME=Paras-Android
OS=Windows_NT
PROCESSOR_IDENTIFIER=Intel64 Family 6 Model 42 Stepping 7, GenuineIntel



---------------  S Y S T E M  ---------------

OS: Windows 8 , 64 bit Build 9200 (6.2.9200.16859)

CPU:total 4 (initial active 4) (2 cores per cpu, 2 threads per core) family 6 model 42 stepping 7, cmov, cx8, fxsr, mmx, sse, sse2, sse3, ssse3, sse4.1, sse4.2, popcnt, avx, clmul, ht, tsc, tscinvbit

Memory: 4k page, physical 8279732k(1800852k free), swap 16668348k(9040220k free)

vm_info: OpenJDK 64-Bit Server VM (25.152-b01) for windows-amd64 JRE (1.8.0_152-release-915-b01), built by "builder" with MS VC++ 10.0 (VS2010)

time: Wed Jan 03 09:46:49 2018
elapsed time: 2222 seconds (0d 0h 37m 2s)

